[debug] [2026-07-09T03:43:48.352Z] ----------------------------------------------------------------------
[debug] [2026-07-09T03:43:48.356Z] Command:       C:\Program Files\nodejs\node.exe C:\Users\admin\AppData\Roaming\npm\node_modules\firebase-tools\lib\bin\firebase.js deploy
[debug] [2026-07-09T03:43:48.357Z] CLI Version:   15.8.0
[debug] [2026-07-09T03:43:48.357Z] Platform:      win32
[debug] [2026-07-09T03:43:48.358Z] Node Version:  v22.14.0
[debug] [2026-07-09T03:43:48.358Z] Time:          Thu Jul 09 2026 09:13:48 GMT+0530 (India Standard Time)
[debug] [2026-07-09T03:43:48.358Z] ----------------------------------------------------------------------
[debug] 
[debug] [2026-07-09T03:43:53.308Z] > command requires scopes: ["email","openid","https://www.googleapis.com/auth/cloudplatformprojects.readonly","https://www.googleapis.com/auth/firebase","https://www.googleapis.com/auth/cloud-platform"]
[debug] [2026-07-09T03:43:53.309Z] > authorizing via signed-in user (anziltp902@gmail.com)
[debug] [2026-07-09T03:43:53.309Z] [iam] checking project florza for permissions ["firebase.projects.get","firebasehosting.sites.update"]
[debug] [2026-07-09T03:43:53.311Z] Checked if tokens are valid: true, expires at: 1783571435090
[debug] [2026-07-09T03:43:53.311Z] Checked if tokens are valid: true, expires at: 1783571435090
[debug] [2026-07-09T03:43:53.312Z] >>> [apiv2][query] POST https://cloudresourcemanager.googleapis.com/v1/projects/florza:testIamPermissions [none]
[debug] [2026-07-09T03:43:53.313Z] >>> [apiv2][(partial)header] POST https://cloudresourcemanager.googleapis.com/v1/projects/florza:testIamPermissions  x-goog-user-project=florza
[debug] [2026-07-09T03:43:53.313Z] >>> [apiv2][body] POST https://cloudresourcemanager.googleapis.com/v1/projects/florza:testIamPermissions {"permissions":["firebase.projects.get","firebasehosting.sites.update"]}
[debug] [2026-07-09T03:43:54.700Z] <<< [apiv2][status] POST https://cloudresourcemanager.googleapis.com/v1/projects/florza:testIamPermissions 200
[debug] [2026-07-09T03:43:54.700Z] <<< [apiv2][body] POST https://cloudresourcemanager.googleapis.com/v1/projects/florza:testIamPermissions {"permissions":["firebase.projects.get","firebasehosting.sites.update"]}
[debug] [2026-07-09T03:43:54.701Z] Checked if tokens are valid: true, expires at: 1783571435090
[debug] [2026-07-09T03:43:54.701Z] Checked if tokens are valid: true, expires at: 1783571435090
[debug] [2026-07-09T03:43:54.701Z] >>> [apiv2][query] GET https://firebase.googleapis.com/v1beta1/projects/florza [none]
[debug] [2026-07-09T03:43:55.229Z] <<< [apiv2][status] GET https://firebase.googleapis.com/v1beta1/projects/florza 200
[debug] [2026-07-09T03:43:55.229Z] <<< [apiv2][body] GET https://firebase.googleapis.com/v1beta1/projects/florza {"projectId":"florza","projectNumber":"171268029896","displayName":"florza","name":"projects/florza","resources":{"hostingSite":"florza"},"state":"ACTIVE","labels":{"firebase":"enabled"},"etag":"1_9c429ae0-9576-4dee-b639-d9a6e6736a64"}
[debug] [2026-07-09T03:44:00.228Z] Checked if tokens are valid: true, expires at: 1783571435090
[debug] [2026-07-09T03:44:00.228Z] Checked if tokens are valid: true, expires at: 1783571435090
[debug] [2026-07-09T03:44:00.228Z] >>> [apiv2][query] GET https://firebasehosting.googleapis.com/v1beta1/projects/florza/sites pageToken=&pageSize=10
[debug] [2026-07-09T03:44:01.545Z] <<< [apiv2][status] GET https://firebasehosting.googleapis.com/v1beta1/projects/florza/sites 200
[debug] [2026-07-09T03:44:01.545Z] <<< [apiv2][body] GET https://firebasehosting.googleapis.com/v1beta1/projects/florza/sites {"sites":[{"name":"projects/florza/sites/florza","defaultUrl":"https://florza.web.app","type":"DEFAULT_SITE"}]}
[debug] [2026-07-09T03:44:01.546Z] Checked if tokens are valid: true, expires at: 1783571435090
[debug] [2026-07-09T03:44:01.546Z] Checked if tokens are valid: true, expires at: 1783571435090
[debug] [2026-07-09T03:44:01.546Z] >>> [apiv2][query] GET https://firebasehosting.googleapis.com/v1beta1/projects/florza/sites 
[debug] [2026-07-09T03:44:02.251Z] <<< [apiv2][status] GET https://firebasehosting.googleapis.com/v1beta1/projects/florza/sites 200
[debug] [2026-07-09T03:44:02.251Z] <<< [apiv2][body] GET https://firebasehosting.googleapis.com/v1beta1/projects/florza/sites {"sites":[{"name":"projects/florza/sites/florza","defaultUrl":"https://florza.web.app","type":"DEFAULT_SITE"}]}
[debug] [2026-07-09T03:44:02.252Z] Checked if tokens are valid: true, expires at: 1783571435090
[debug] [2026-07-09T03:44:02.252Z] Checked if tokens are valid: true, expires at: 1783571435090
[debug] [2026-07-09T03:44:02.252Z] >>> [apiv2][query] GET https://firebase.googleapis.com/v1beta1/projects/florza/webApps/-/config [none]
[debug] [2026-07-09T03:44:03.769Z] <<< [apiv2][status] GET https://firebase.googleapis.com/v1beta1/projects/florza/webApps/-/config 200
[debug] [2026-07-09T03:44:03.769Z] <<< [apiv2][body] GET https://firebase.googleapis.com/v1beta1/projects/florza/webApps/-/config {"projectId":"florza","appId":"1:171268029896:web:cc21f3256f134ef64ed4fd","storageBucket":"florza.firebasestorage.app","apiKey":"AIzaSyBwHSjZffuiZfyCHskEcniNWO4e__YN0qs","authDomain":"florza.firebaseapp.com","messagingSenderId":"171268029896","measurementId":"G-K9LEXD76H9","projectNumber":"171268029896","version":"2"}
[info] 
   Thank you for trying our early preview of Next.js support on Firebase Hosting.
   During the preview, support is best-effort and breaking changes can be expected. Proceed with caution.
   The integration is known to work with Next.js version 12 - 15.0. You may encounter errors.

   Documentation: https://firebase.google.com/docs/hosting/frameworks/nextjs
   File a bug: https://github.com/firebase/firebase-tools/issues/new?template=bug_report.md
   Submit a feature request: https://github.com/firebase/firebase-tools/issues/new?template=feature_request.md

   We'd love to learn from you. Express your interest in helping us shape the future of Firebase Hosting: https://goo.gle/41enW5X

[debug] [2026-07-09T03:44:16.169Z] Checked if tokens are valid: true, expires at: 1783571435090
[debug] [2026-07-09T03:44:16.170Z] Checked if tokens are valid: true, expires at: 1783571435090
[debug] [2026-07-09T03:44:16.170Z] >>> [apiv2][query] GET https://firebasehosting.googleapis.com/v1beta1/projects/florza/sites/florza [none]
[debug] [2026-07-09T03:44:17.595Z] <<< [apiv2][status] GET https://firebasehosting.googleapis.com/v1beta1/projects/florza/sites/florza 200
[debug] [2026-07-09T03:44:17.595Z] <<< [apiv2][body] GET https://firebasehosting.googleapis.com/v1beta1/projects/florza/sites/florza {"name":"projects/florza/sites/florza","defaultUrl":"https://florza.web.app","type":"DEFAULT_SITE"}
[info] ▲ Next.js 16.2.10 (Turbopack)

[info] - Environments: .env.local

[info] 

[info]   Creating an optimized production build ...

[info] ✓ Compiled successfully in 8.6s

[info]   Running TypeScript ...

[info]   Finished TypeScript in 9.2s ...

[info]   Collecting page data using 6 workers ...

[info]   Generating static pages using 6 workers (0/5) ...

[info]   Generating static pages using 6 workers (1/5) 

[info]   Generating static pages using 6 workers (2/5) 

[info]   Generating static pages using 6 workers (3/5) 

[info] ✓ Generating static pages using 6 workers (5/5) in 1752ms

[info]   Finalizing page optimization ...

[info] 

[info] Route (app)
┌ ○ /
├ ○ /_not-found
└ ○ /products


[info] 
○  (Static)  prerendered as static content


[debug] [2026-07-09T03:44:42.579Z] Error: EBUSY: resource busy or locked, unlink 'C:\Users\admin\StudioProjects\florza\.firebase\florza\hosting\_next\static\media\washbas8.3je0-y02kud_b.webp'
[error] 
[error] Error: An unexpected error has occurred.
[debug] [2026-07-09T03:44:55.065Z] ----------------------------------------------------------------------
[debug] [2026-07-09T03:44:55.071Z] Command:       C:\Program Files\nodejs\node.exe C:\Users\admin\AppData\Roaming\npm\node_modules\firebase-tools\lib\bin\firebase.js deploy --debug
[debug] [2026-07-09T03:44:55.073Z] CLI Version:   15.8.0
[debug] [2026-07-09T03:44:55.073Z] Platform:      win32
[debug] [2026-07-09T03:44:55.073Z] Node Version:  v22.14.0
[debug] [2026-07-09T03:44:55.074Z] Time:          Thu Jul 09 2026 09:14:55 GMT+0530 (India Standard Time)
[debug] [2026-07-09T03:44:55.074Z] ----------------------------------------------------------------------
[debug] 
[debug] [2026-07-09T03:45:00.280Z] > command requires scopes: ["email","openid","https://www.googleapis.com/auth/cloudplatformprojects.readonly","https://www.googleapis.com/auth/firebase","https://www.googleapis.com/auth/cloud-platform"]
[debug] [2026-07-09T03:45:00.282Z] > authorizing via signed-in user (anziltp902@gmail.com)
[debug] [2026-07-09T03:45:00.283Z] [iam] checking project florza for permissions ["firebase.projects.get","firebasehosting.sites.update"]
[debug] [2026-07-09T03:45:00.288Z] Checked if tokens are valid: true, expires at: 1783571435090
[debug] [2026-07-09T03:45:00.289Z] Checked if tokens are valid: true, expires at: 1783571435090
[debug] [2026-07-09T03:45:00.292Z] >>> [apiv2][query] POST https://cloudresourcemanager.googleapis.com/v1/projects/florza:testIamPermissions [none]
[debug] [2026-07-09T03:45:00.293Z] >>> [apiv2][(partial)header] POST https://cloudresourcemanager.googleapis.com/v1/projects/florza:testIamPermissions  x-goog-user-project=florza
[debug] [2026-07-09T03:45:00.293Z] >>> [apiv2][body] POST https://cloudresourcemanager.googleapis.com/v1/projects/florza:testIamPermissions {"permissions":["firebase.projects.get","firebasehosting.sites.update"]}
[debug] [2026-07-09T03:45:01.753Z] <<< [apiv2][status] POST https://cloudresourcemanager.googleapis.com/v1/projects/florza:testIamPermissions 200
[debug] [2026-07-09T03:45:01.754Z] <<< [apiv2][body] POST https://cloudresourcemanager.googleapis.com/v1/projects/florza:testIamPermissions {"permissions":["firebase.projects.get","firebasehosting.sites.update"]}
[debug] [2026-07-09T03:45:01.755Z] Checked if tokens are valid: true, expires at: 1783571435090
[debug] [2026-07-09T03:45:01.756Z] Checked if tokens are valid: true, expires at: 1783571435090
[debug] [2026-07-09T03:45:01.757Z] >>> [apiv2][query] GET https://firebase.googleapis.com/v1beta1/projects/florza [none]
[debug] [2026-07-09T03:45:02.229Z] <<< [apiv2][status] GET https://firebase.googleapis.com/v1beta1/projects/florza 200
[debug] [2026-07-09T03:45:02.229Z] <<< [apiv2][body] GET https://firebase.googleapis.com/v1beta1/projects/florza {"projectId":"florza","projectNumber":"171268029896","displayName":"florza","name":"projects/florza","resources":{"hostingSite":"florza"},"state":"ACTIVE","labels":{"firebase":"enabled"},"etag":"1_9c429ae0-9576-4dee-b639-d9a6e6736a64"}
[debug] [2026-07-09T03:45:07.976Z] Checked if tokens are valid: true, expires at: 1783571435090
[debug] [2026-07-09T03:45:07.976Z] Checked if tokens are valid: true, expires at: 1783571435090
[debug] [2026-07-09T03:45:07.977Z] >>> [apiv2][query] GET https://firebasehosting.googleapis.com/v1beta1/projects/florza/sites pageToken=&pageSize=10
[debug] [2026-07-09T03:45:09.196Z] <<< [apiv2][status] GET https://firebasehosting.googleapis.com/v1beta1/projects/florza/sites 200
[debug] [2026-07-09T03:45:09.196Z] <<< [apiv2][body] GET https://firebasehosting.googleapis.com/v1beta1/projects/florza/sites {"sites":[{"name":"projects/florza/sites/florza","defaultUrl":"https://florza.web.app","type":"DEFAULT_SITE"}]}
[debug] [2026-07-09T03:45:09.197Z] Checked if tokens are valid: true, expires at: 1783571435090
[debug] [2026-07-09T03:45:09.198Z] Checked if tokens are valid: true, expires at: 1783571435090
[debug] [2026-07-09T03:45:09.198Z] >>> [apiv2][query] GET https://firebasehosting.googleapis.com/v1beta1/projects/florza/sites 
[debug] [2026-07-09T03:45:09.970Z] <<< [apiv2][status] GET https://firebasehosting.googleapis.com/v1beta1/projects/florza/sites 200
[debug] [2026-07-09T03:45:09.970Z] <<< [apiv2][body] GET https://firebasehosting.googleapis.com/v1beta1/projects/florza/sites {"sites":[{"name":"projects/florza/sites/florza","defaultUrl":"https://florza.web.app","type":"DEFAULT_SITE"}]}
[debug] [2026-07-09T03:45:09.971Z] Checked if tokens are valid: true, expires at: 1783571435090
[debug] [2026-07-09T03:45:09.971Z] Checked if tokens are valid: true, expires at: 1783571435090
[debug] [2026-07-09T03:45:09.972Z] >>> [apiv2][query] GET https://firebase.googleapis.com/v1beta1/projects/florza/webApps/-/config [none]
[debug] [2026-07-09T03:45:12.293Z] <<< [apiv2][status] GET https://firebase.googleapis.com/v1beta1/projects/florza/webApps/-/config 200
[debug] [2026-07-09T03:45:12.293Z] <<< [apiv2][body] GET https://firebase.googleapis.com/v1beta1/projects/florza/webApps/-/config {"projectId":"florza","appId":"1:171268029896:web:cc21f3256f134ef64ed4fd","storageBucket":"florza.firebasestorage.app","apiKey":"AIzaSyBwHSjZffuiZfyCHskEcniNWO4e__YN0qs","authDomain":"florza.firebaseapp.com","messagingSenderId":"171268029896","measurementId":"G-K9LEXD76H9","projectNumber":"171268029896","version":"2"}
[info] 
   Thank you for trying our early preview of Next.js support on Firebase Hosting.
   During the preview, support is best-effort and breaking changes can be expected. Proceed with caution.
   The integration is known to work with Next.js version 12 - 15.0. You may encounter errors.

   Documentation: https://firebase.google.com/docs/hosting/frameworks/nextjs
   File a bug: https://github.com/firebase/firebase-tools/issues/new?template=bug_report.md
   Submit a feature request: https://github.com/firebase/firebase-tools/issues/new?template=feature_request.md

   We'd love to learn from you. Express your interest in helping us shape the future of Firebase Hosting: https://goo.gle/41enW5X

[debug] [2026-07-09T03:45:25.829Z] Checked if tokens are valid: true, expires at: 1783571435090
[debug] [2026-07-09T03:45:25.829Z] Checked if tokens are valid: true, expires at: 1783571435090
[debug] [2026-07-09T03:45:25.830Z] >>> [apiv2][query] GET https://firebasehosting.googleapis.com/v1beta1/projects/florza/sites/florza [none]
[debug] [2026-07-09T03:45:27.032Z] <<< [apiv2][status] GET https://firebasehosting.googleapis.com/v1beta1/projects/florza/sites/florza 200
[debug] [2026-07-09T03:45:27.032Z] <<< [apiv2][body] GET https://firebasehosting.googleapis.com/v1beta1/projects/florza/sites/florza {"name":"projects/florza/sites/florza","defaultUrl":"https://florza.web.app","type":"DEFAULT_SITE"}
[info] ▲ Next.js 16.2.10 (Turbopack)

[info] - Environments: .env.local


[info]   Creating an optimized production build ...

[info] ✓ Compiled successfully in 7.8s

[info]   Running TypeScript ...

[info]   Finished TypeScript in 8.5s ...

[info]   Collecting page data using 6 workers ...

[info]   Generating static pages using 6 workers (0/5) ...

[info]   Generating static pages using 6 workers (1/5) 

[info]   Generating static pages using 6 workers (2/5) 

[info]   Generating static pages using 6 workers (3/5) 

[info] ✓ Generating static pages using 6 workers (5/5) in 1745ms

[info]   Finalizing page optimization ...

[info] 

[info] Route (app)
┌ ○ /
├ ○ /_not-found
└ ○ /products


[info] 
○  (Static)  prerendered as static content


[debug] [2026-07-09T03:45:51.073Z] [web frameworks] effective firebase.json:  {
  "hosting": [
    {
      "source": ".",
      "ignore": [
        "firebase.json",
        "**/.*",
        "**/node_modules/**"
      ],
      "frameworksBackend": {
        "region": "us-central1"
      },
      "site": "florza",
      "rewrites": [],
      "redirects": [],
      "headers": [
        {
          "source": "/_not-found",
          "headers": [
            {
              "key": "x-nextjs-stale-time",
              "value": "300"
            },
            {
              "key": "x-nextjs-prerender",
              "value": "1"
            },
            {
              "key": "x-next-cache-tags",
              "value": "_N_T_/layout,_N_T_/_not-found/layout,_N_T_/_not-found/page,_N_T_/_not-found"
            }
          ]
        },
        {
          "source": "/_global-error",
          "headers": [
            {
              "key": "x-nextjs-stale-time",
              "value": "300"
            },
            {
              "key": "x-nextjs-prerender",
              "value": "1"
            },
            {
              "key": "x-next-cache-tags",
              "value": "_N_T_/layout,_N_T_/_global-error/layout,_N_T_/_global-error/page,_N_T_/_global-error"
            }
          ]
        },
        {
          "source": "/products",
          "headers": [
            {
              "key": "x-nextjs-stale-time",
              "value": "300"
            },
            {
              "key": "x-nextjs-prerender",
              "value": "1"
            },
            {
              "key": "x-next-cache-tags",
              "value": "_N_T_/layout,_N_T_/products/layout,_N_T_/products/page,_N_T_/products"
            }
          ]
        },
        {
          "source": "/favicon.ico",
          "headers": [
            {
              "key": "cache-control",
              "value": "public, max-age=0, must-revalidate"
            },
            {
              "key": "content-type",
              "value": "image/x-icon"
            },
            {
              "key": "x-next-cache-tags",
              "value": "_N_T_/layout,_N_T_/favicon.ico/layout,_N_T_/favicon.ico/route,_N_T_/favicon.ico"
            }
          ]
        },
        {
          "source": "/**/*.[jt]s",
          "headers": [
            {
              "key": "Set-Cookie",
              "value": "__FIREBASE_DEFAULTS__=eyJjb25maWciOnsicHJvamVjdElkIjoiZmxvcnphIiwiYXBwSWQiOiIxOjE3MTI2ODAyOTg5Njp3ZWI6Y2MyMWYzMjU2ZjEzNGVmNjRlZDRmZCIsInN0b3JhZ2VCdWNrZXQiOiJmbG9yemEuZmlyZWJhc2VzdG9yYWdlLmFwcCIsImFwaUtleSI6IkFJemFTeUJ3SFNqWmZmdWlaZnlDSHNrRWNuaU5XTzRlX19ZTjBxcyIsImF1dGhEb21haW4iOiJmbG9yemEuZmlyZWJhc2VhcHAuY29tIiwibWVzc2FnaW5nU2VuZGVySWQiOiIxNzEyNjgwMjk4OTYiLCJtZWFzdXJlbWVudElkIjoiRy1LOUxFWEQ3Nkg5IiwicHJvamVjdE51bWJlciI6IjE3MTI2ODAyOTg5NiIsInZlcnNpb24iOiIyIn19; SameSite=Strict; Expires=2028-06-02T14:25:51.073Z; Path=/;"
            }
          ]
        }
      ],
      "cleanUrls": true,
      "trailingSlash": false,
      "public": ".firebase\\florza\\hosting",
      "webFramework": "next"
    }
  ]
}
[info] 
[info] === Deploying to 'florza'...
[info] 
[info] i  deploying hosting 
[debug] [2026-07-09T03:45:51.095Z] Checked if tokens are valid: true, expires at: 1783571435090
[debug] [2026-07-09T03:45:51.096Z] Checked if tokens are valid: true, expires at: 1783571435090
[debug] [2026-07-09T03:45:51.096Z] >>> [apiv2][query] POST https://firebasehosting.googleapis.com/v1beta1/projects/-/sites/florza/versions [none]
[debug] [2026-07-09T03:45:51.096Z] >>> [apiv2][body] POST https://firebasehosting.googleapis.com/v1beta1/projects/-/sites/florza/versions {"status":"CREATED","labels":{"deployment-tool":"cli-firebase","firebase-web-framework":"next"}}
[debug] [2026-07-09T03:45:52.840Z] <<< [apiv2][status] POST https://firebasehosting.googleapis.com/v1beta1/projects/-/sites/florza/versions 200
[debug] [2026-07-09T03:45:52.840Z] <<< [apiv2][body] POST https://firebasehosting.googleapis.com/v1beta1/projects/-/sites/florza/versions {"name":"projects/171268029896/sites/florza/versions/8826004706dec49b","status":"CREATED","config":{},"labels":{"deployment-tool":"cli-firebase","firebase-web-framework":"next"}}
[info] i  hosting[florza]: beginning deploy... 
[info] i  hosting[florza]: found 140 files in .firebase\florza\hosting 
[debug] [2026-07-09T03:45:52.919Z] [hosting] uploading with 200 concurrency
[debug] [2026-07-09T03:45:53.192Z] Checked if tokens are valid: true, expires at: 1783571435090
[debug] [2026-07-09T03:45:53.193Z] Checked if tokens are valid: true, expires at: 1783571435090
[debug] [2026-07-09T03:45:53.199Z] [hosting] hash cache [LmZpcmViYXNlXGZsb3J6YVxob3N0aW5n] stored for 140 files
[debug] [2026-07-09T03:45:53.200Z] [hosting][hash queue][FINAL] {"max":254,"min":0,"avg":60.364285714285714,"active":0,"complete":140,"success":140,"errored":0,"retried":0,"total":140,"elapsed":276}
[debug] [2026-07-09T03:45:53.201Z] >>> [apiv2][query] POST https://firebasehosting.googleapis.com/v1beta1/projects/171268029896/sites/florza/versions/8826004706dec49b:populateFiles [none]
[debug] [2026-07-09T03:45:53.201Z] >>> [apiv2][body] POST https://firebasehosting.googleapis.com/v1beta1/projects/171268029896/sites/florza/versions/8826004706dec49b:populateFiles {"files":{"/window.svg":"6bd2003bd35bb32c1c0d99ab3aeac0cc1edaefd79f27df1d954bc87184048d74","/vercel.svg":"529a1a21b4a82475a82db26173c28d7b27e2dc9d4b900eaf1c5329d96eea4ddd","/next.svg":"0665b9ab4493aa9d7e988b57024e28772ae543e804b8cf6b0a3633854b7c3c7f","/globe.svg":"6502a3e6120bf2d6e8417e7c40bb57fb8a6954de9c86d3f43076a75b60cd23a2","/file.svg":"5a09df6187e21aa9a7d05094389385876ac93c818e1dcbb77a26a8fe408bf79c","/_global-error.html":"52f92c29c8cc7d50ef26d9e193832ea5afd5cf0e0c4eb5477358ab1f794f5aed","/_not-found.html":"431f867f188c2f43882b5e6d53d60998be9cc8b6ccf68ba17e73719ea275708c","/404.html":"431f867f188c2f43882b5e6d53d60998be9cc8b6ccf68ba17e73719ea275708c","/products.html":"91955e17107b67666bc2373a7c787cfd906be044e857b1a610a6c0dd951e185f","/500.html":"52f92c29c8cc7d50ef26d9e193832ea5afd5cf0e0c4eb5477358ab1f794f5aed","/index.html":"db4ca038b441fd42c4895b49dc895477e8c865f13ba135b6c00739f823c20bb0","/favicon.ico":"36eaaa9259cda5765c4061fa8b7bf61c74dbda3a2a721a0811c73f5dae61a2e9","/_next/static/media/florza-logo-premium-bathroom-brand.2ssne1sn6txrr.webp":"1c17314e3e936e6a74b83e38e0a303768d896cfc9af1eefa1101ae1028e07b78","/_next/static/media/e2334d715941921e-s.p.3o_v2fun1jzxk.woff2":"bbf9d54f0278fe17c584ae99fbc265ea46f9972c2ba0e300bbef8329cd950333","/_next/static/media/e629b5bc06499d58-s.10u7vx61f1ie7.woff2":"ba68f817377082bfb6fc4cabe59e343209fba59acc6f8ffb45aa8161bc8fa222","/_next/static/media/d3fe2f289711ac3f-s.1l2zhvq5eocqf.woff2":"8cc3e92180cdaaed17104eb9c905accb9921e525f4b83e749d02c637cfb7b599","/_next/static/media/bfc7db5c00d21bc5-s.173xwsdme27n8.woff2":"758dc4153da47f69a2ca4e10ece15ee3bf6ab85cb548c0e4ba949126dee26caa","/_next/static/media/a342834df7752944-s.3hd2l7bm32o7k.woff2":"c68e0c180ba067bc29ee3c5d9837bec35b20ab9cb50093b3986ca9e6d5fc73ff","/_next/static/media/a218039a3287bcfd-s.p.43zbiuwnnoiok.woff2":"c5bd05024e1e2129db2746a432087f86ecee241a72d9990429e8e2a92f395391","/_next/static/media/8e6fa89aa22d24ec-s.p.2o7m9ogm38dql.woff2":"de52eb28b773356b47ace1d81c28e1932d1ec1fa302cc5455f0c7c8384b77a6c","/_next/static/media/6c55a692938ebbbc-s.1emuuracu50qd.woff2":"7ea8aa4c12ee19cf9064b1f8d31a8093ca9b7a20c430bd26ce8fa9d28ca49791","/_next/static/media/c875c6f5d3e977ac-s.p.1h18_wedhzk4h.woff2":"ee9454aec968f23e95e86cfca33bc62f2a2a452d97823eec4cc5829158bd88c2","/_next/static/media/798ea22d9983e047-s.3go-kn2r40gie.woff2":"5232b7db292516451404f5717dbecf3e86ebbd61263585e160ce44518bdf19fa","/_next/static/media/favicon.2vob68tjqpejf.ico":"36eaaa9259cda5765c4061fa8b7bf61c74dbda3a2a721a0811c73f5dae61a2e9","/_next/static/media/washbas9.1wp0z_7em5-2s.webp":"602088c89d8f95591a8a9e8f5fdb5d558606ec393a9c6907d8f77b264b479e44","/_next/static/media/washbas26.23dc_3ro6ih4o.webp":"d819433d7abc43b295eabb2becd982cba3f5d134e357cd362b1bb99b0056d462","/_next/static/media/5f9d24ebef5d5292-s.19xuq3td7fwu_.woff2":"ce8f68446de64b95bdb0484f6347d2e2aaebb12aa191f5c513f553c91da79555","/_next/static/media/6ab0db14f70d8ed6-s.13hnt-xgp82zk.woff2":"0e8108cf5c3f483f0d858bdabe3d792d2d893861bf5bb94006c0f133954f9fdc","/_next/static/media/fba5a26ea33df6a3-s.p.18rizl4rsrl42.woff2":"9c4ab0e07a60658bd7617c9f2b2f955f9fc07ca18146772fa26a3cc79a0f3261","/_next/static/media/a343f882a40d2cc9-s.p.1sj6eobyi31rd.woff2":"528015bf56f30af70faaa1b9f63d409d4099e70f62a63978f3b1007a72442f21","/_next/static/media/washbas14.0qfunbrn9ysz6.webp":"10e1dfebee24cd8d21b132246d4f29abbf5455008e6e2eb69d6fcf2ae26f397b","/_next/static/media/florza-logo-premium-bathroom-brand1-removebg-preview.23p6f6e314zlj.png":"a167042a47581766233c178070350458795315f84c1fd318698ce51bce1794c6","/images/premium_basin_product.png":"a3dba93ac19cc61ce3019404023cc9d369ae734fb47d18ca7f2308e60f03065e","/images/luxury_bathroom_lifestyle.png":"a208205cf7783e2f2c5f112dfafff50a0dab2e092686117603fa625e5710cdab","/images/luxury_bathroom_hero_mobile.png":"e9dc6128d7ff0852c3d51d4052d87a2b31306d5f952b607c40c7c4d61a590aa5","/images/luxury_bathroom_hero.png":"0f3afc9f83ee28914b70b23acd65634f129046f43a266f54eb61bdd3fbb80879","/images/products/WhatsApp Image 2026-07-08 at 11.18.38 AM.webp":"2ff6446a142e292d2d23c9bbd7cfcf482460f4f30cc890ff9d115b9e3c5165c8","/images/products/WhatsApp Image 2026-07-08 at 11.18.37 AM.webp":"1a8306d41b43506627c7d044f1b12f02ab0b6268f791bbd0701d7ebcf04264a0","/images/products/WhatsApp Image 2026-07-08 at 11.16.19 AM.webp":"d40a954fd82614b403a610ff32bd5abf1fc88e156c0b26db50245362ac805403","/images/products/WhatsApp Image 2026-07-08 at 11.16.19 AM (2).webp":"ce58d37811f4c7b77e78b14a3489dd1a9096390d4ab3fcf9580d6e2ebbd3a0bd","/images/products/WhatsApp Image 2026-07-08 at 11.16.19 AM (1).webp":"7f2d588b0ec757b96d9d91359c0c1d5e4be80de0229f3ae299a227b7fd0821b3","/images/products/WhatsApp Image 2026-07-08 at 11.16.18 AM.webp":"fd9d3f3b3dad0638cda4a87b26867c3ad7aa255eba215c103e2b712f6a6d0a99","/images/products/WhatsApp Image 2026-07-08 at 11.16.18 AM (3).webp":"d819433d7abc43b295eabb2becd982cba3f5d134e357cd362b1bb99b0056d462","/images/products/WhatsApp Image 2026-07-08 at 11.16.18 AM (2).webp":"6005ca4d8f7609b5759d58e341bf66c004ede258b232e0f64554267ecd45a0ac","/images/products/WhatsApp Image 2026-07-08 at 11.16.18 AM (1).webp":"7470c540a8b136ed2ff22c146e2ea69287fac4f48a2cb2fa69caa5f708a94168","/images/products/WhatsApp Image 2026-07-08 at 11.16.17 AM.webp":"03a66876f3baa3daef8c4e8e5867ccf243f01878849cf31ded3e66307d27f8f3","/images/products/WhatsApp Image 2026-07-08 at 11.16.17 AM (2).webp":"68179c89f4e35e404bd325dd5e18e96ed5fd4886ba8ece0decf97cbe216f4694","/images/products/WhatsApp Image 2026-07-08 at 11.16.17 AM (1).webp":"2890d21716fefda5de363b32926070c13f3e7465845f5e5568e755b9666a2821","/images/products/WhatsApp Image 2026-07-08 at 11.16.16 AM.webp":"9aaa0f44b562cb74513bbf1127e3a3baae0493421587d7fcfb73b3743cafbd81","/images/products/WhatsApp Image 2026-07-08 at 11.16.16 AM (2).webp":"a6800a28e42220037d43713a1c7d06bf2d74a0131e61358e1fc1aa8476853c79","/images/products/WhatsApp Image 2026-07-08 at 11.16.16 AM (1).webp":"474c566dccf89a56db475316735e282ce012c35e06af40d18dd677fee21882a9","/images/products/WhatsApp Image 2026-07-08 at 11.16.14 AM.webp":"64eec9ab652ce6c575eae61a3f170f76f5756d823a0e905b17c0eaa0d16e8feb","/images/products/WhatsApp Image 2026-07-08 at 11.16.14 AM (1).webp":"9f5b201b6b749c49156140e271295e467b5af07577894f59136d92ce9b7c6b1a","/images/products/WhatsApp Image 2026-07-08 at 11.16.13 AM.webp":"1c03004b092d0a6e7fda6504235177ab62702b68efb9e81a454e6263ea32c52f","/images/products/washbas9.webp":"602088c89d8f95591a8a9e8f5fdb5d558606ec393a9c6907d8f77b264b479e44","/images/products/washbas8.webp":"f1db61593047c5b8babef2c9c34bd218b3aa7c6366567a3c85d41d12989664b5","/images/products/washbas7.webp":"bea022c6df920e0f6c0a37f330fb939b92becfbb39935f6c3da46c1509ea13c4","/images/products/washbas6.webp":"cc910ed3a7929d15b2e73abe4e2ee0cbfcbfbd25dbdc90d778b921fc24f3574e","/images/products/washbas5.webp":"8b8fba183ce21a2e8049745b6e58825fd8ffb5e14ad636432de92e30f27d1fb4","/images/products/washbas4.webp":"3065e5e0a44b0f18dd50cf296379c9ba4f24e892f94aa6d2c079c8e689c27580","/images/products/washbas38.webp":"b464e83213f22d7be14da303d3a3e484f732d9179f979bae0579e07a134d1435","/images/products/washbas37.webp":"9c908660ad861016248cced71891aac392a4f8209dd1b72b8111a97cfcf5b2f8","/images/products/washbas36.webp":"177f45fc32b048cc304a0529f072f9eac26c705e670edd5169fa75ba0d902c5c","/images/products/washbas35.webp":"6dfff2e44e9755e0aecbe71040a2920dd22dd2b9e6e002628c376581eee9b0c9","/images/products/washbas34.webp":"7bedbd9cea816d725435d7081f4dd9f07d84b62af0f9bcd1f6273a57befceafc","/images/products/washbas33.webp":"2ff6446a142e292d2d23c9bbd7cfcf482460f4f30cc890ff9d115b9e3c5165c8","/images/products/washbas32.webp":"cf81616cba4d2f7bd45abdb38df9404c5e0711a6b4f800310cd329d6856717fc","/images/products/washbas31.webp":"1a8306d41b43506627c7d044f1b12f02ab0b6268f791bbd0701d7ebcf04264a0","/images/products/washbas30.webp":"a230bc3a2664c10de0b967edd9b43063427fb686f6ce0935fe376d9c62d57fd4","/images/products/washbas3.webp":"6e99851c83abf09759f1c786b91fc7c7dff5a4cefc4cc3b1a22f5c978ee8be79","/images/products/washbas29.webp":"ce58d37811f4c7b77e78b14a3489dd1a9096390d4ab3fcf9580d6e2ebbd3a0bd","/images/products/washbas28.webp":"7f2d588b0ec757b96d9d91359c0c1d5e4be80de0229f3ae299a227b7fd0821b3","/images/products/washbas27.webp":"d40a954fd82614b403a610ff32bd5abf1fc88e156c0b26db50245362ac805403","/images/products/washbas26.webp":"d819433d7abc43b295eabb2becd982cba3f5d134e357cd362b1bb99b0056d462","/images/products/washbas25.webp":"af62b8c5358edca8be3b23cf105596f957a324ee01764bc7867b18c6fcee8341","/images/products/washbas23.webp":"2e304305b162bce60f54174c3602ea2084398546e820ccca8bad662cbc82e16b","/images/products/washbas22.webp":"4c511b7fdddd8d3d8092079b4a02db871206d95d08e1d1d4110d8c32a5ff5bb5","/images/products/washbas20.webp":"b5a6b8c0e822ab92ffef60a3d41145f3796165147a1e9b0e265ae05b46ae42cb","/images/products/washbas2.webp":"8cde43849db1200bb82eed398001d36565cd1d5c243026170454d55e989455d7","/images/products/washbas19.webp":"523bfdde8547187147dcbb4d0e81da0c49511a2645b70c6c87decc177fbde949","/images/products/washbas18.webp":"fe7748cff40fb4158a1ab5aaf324a870c86aa00132ea39a6b1599a905ba1464b","/images/products/washbas17.webp":"f62c0a5c2a82057bbe2a200820904cf3bc197d91080188f29b2544f3c0671d3e","/images/products/washbas16.webp":"78a0840aa4b190362fa3e0fbd34764de2e7776fcdab6b5c1c7180b53d081c47d","/images/products/washbas15.webp":"c7106fa641f8c4acd0ed7b42271ad4f8829d0d07cdff85dbad1f9f2ecbebcfb3","/images/products/washbas14.webp":"10e1dfebee24cd8d21b132246d4f29abbf5455008e6e2eb69d6fcf2ae26f397b","/images/products/washbas14 (1).webp":"10e1dfebee24cd8d21b132246d4f29abbf5455008e6e2eb69d6fcf2ae26f397b","/images/products/washbas13.webp":"438acf880b315ef8589ee5430fdd380bd94f8f3fbf462cd9679a7d8e48f7d3f2","/images/products/washbas12 - Copy.webp":"b654e9aaac28f586786471fea7e79568102fe18225393d59a797156a111c9b72","/images/products/washbas11.webp":"b715e4cbab71f12f45561f53dcfd98a5a9c760159144b3c7abe2de7decd0d454","/images/products/washbas10.webp":"d218bbb03b44728ec8c6458ab8fa4b1167550c3ce45924e74acbfb053af24a89","/images/products/washbas1.webp":"ee0bb4434430a250e9a7fc8877880218b87245f01672bf876e7bc1b6bc1b68e3","/_next/static/media/b53057dbf91a7acf-s.11ypmpdlzqdb_.woff2":"18ee0d92e52a5b2014a47b9474dde5cab064b2e257cf817139126426aebd7713","/_next/static/media/bdc7e24a509eb931-s.0ynx40_3oa9rk.woff2":"7a5cb883e026e70eadf536ff2a4053303f2d104108ef9109d95d96792c9acec0","/_next/static/media/7e832ad540183e91-s.280oih_b74u9j.woff2":"cc8cbeacc17b8d1c0cf8f83af10889fc738913bc742f9420b09c0dd7234f9a30","/_next/static/media/58c4895d0a0ef7cc-s.2vhvl9vrvk-va.woff2":"f657bc2201cda343343478573eb0598f76a09d5c7dbb205726c22a3195970c98","/_next/static/media/47fe1b7cd6e6ed85-s.p.3bh2vc0w-r-ll.woff2":"a59c0152a6ad63dbbd6d072df71a1928613ca4f1e0c57824b06cfbaaab15ec7d","/_next/static/media/2094fb60fd9c8287-s.3qxy1tqak831c.woff2":"b7ffcedc865fa6d6fec8b492ac73cf65920bf148c05e89c3325dde65b350cf2e","/_next/static/media/0da9c7f357bd9d4d-s.1975l3y3401x_.woff2":"1bb6cff1da82f3a9b4f588c872083e412dc9756ff00e5c7a25a6ef9d5ac0d2ee","/_next/static/media/0b1dc8ddaa74ba49-s.0e__wj8580tc5.woff2":"867f3bccb23c87506cbf9e3095ff9e9583bb84c476fb048c4acc8183bd6c9a74","/_next/static/chunks/3lo_jcpmannvb.js":"315f7c94247858050e106b2f78f661f215289a334cb8400ba7cd1a03d99f4320","/_next/static/chunks/3_yy53camtvrf.js":"3193abc706904607867d4a39a48b7c864c5edd69f8d72bf4437a96e34d6a5d6e","/_next/static/chunks/1rk1j7o63pndi.js":"e4d6ccba4063049b083d681093ffc9fcd110bc879ab0eab53b0f4fafa2c2b73c","/_next/static/chunks/1yl35k273nmbc.css":"8d43f2ee7135cc9258b67efe378d2d02948a153cd01972c7099324a1dc4e38ff","/_next/static/chunks/turbopack-29doaebhzwdyv.js":"f1f2fc5307d8147cb33d30739a3d151ab5353e72f4c3da8516411fff9f2646a2","/_next/static/chunks/1guoti84v2fh3.js":"e1e62df73b42ec8d3ee9fdc9f076e4d78948bb0a720b16e9478a1e5e1504b1bd","/_next/static/media/1a099d89ee94ee96-s.35a5cae5tspm2.woff2":"b5a5ac4bef2367027d3f2fbca7234fd278f9e342d9a2030aab6071f3c2a895dc","/_next/static/chunks/15orcrkp-_9ct.js":"dc8ffd6e740bf9c090ed06fcb1bcda87bb548c98cbb3ea008e1a83772f521830","/_next/static/chunks/14mrh2-p_w84d.js":"0c1d636e6085992b3d74f44688c20861c3644b89675b31cbc95a5dea5de4e1b8","/_next/static/chunks/05-c3ty_6dwfk.js":"713a16172228e978ae302281c6866c5f8020fafd75b833b2184962f8bb8d2123","/_next/static/media/washbas18.24_z9feq0qa7v.webp":"fe7748cff40fb4158a1ab5aaf324a870c86aa00132ea39a6b1599a905ba1464b","/_next/static/-yxlLQlU-oQXd_Id7t3rP/_ssgManifest.js":"dc28a4dc92fe352ed5d2201bd3972ce47691bc8e89e0400a68d1541d0567c6d5","/_next/static/media/washbas25.1u_wzxamd7gjy.webp":"af62b8c5358edca8be3b23cf105596f957a324ee01764bc7867b18c6fcee8341","/_next/static/-yxlLQlU-oQXd_Id7t3rP/_clientMiddlewareManifest.js":"5e57f6166b702492ab9551af57e4546546c184673a4c0432f73b96f62820f7eb","/_next/static/media/41e95f694c5c4549-s.2b_sldcwg6mn_.woff2":"e45679dfff636f4a386fab877f76e27139b3e60c3d1e11d31e527016c4157409","/_next/static/media/washbas16.0ra2kc136uvk8.webp":"78a0840aa4b190362fa3e0fbd34764de2e7776fcdab6b5c1c7180b53d081c47d","/_next/static/-yxlLQlU-oQXd_Id7t3rP/_buildManifest.js":"dcbe1c9b9159ca21caea98e1bad364012ae284e9551375ca62b83d2811efac91","/_next/static/media/washbas13.3-k2liffi_z10.webp":"438acf880b315ef8589ee5430fdd380bd94f8f3fbf462cd9679a7d8e48f7d3f2","/_next/static/media/0a7740363b4d4863-s.3ji57o093q1kd.woff2":"c3a0c0179ad6dff7ee771b0e1bbbee12175c086ea7e0000e6bd5ff47e09af4b2","/_next/static/chunks/1ir0s561avd7s.js":"0fa58c1f8ca29841d4aebc359cedb14474a5da189109c27d9e1760043918f27a","/_next/static/chunks/2gm_5k0q7q3tc.js":"363d367944d8aecf8e529e7003699d566e88a704321f00e2065acc84c2c1df12","/_next/static/media/washbas8.3je0-y02kud_b.webp":"f1db61593047c5b8babef2c9c34bd218b3aa7c6366567a3c85d41d12989664b5","/_next/static/chunks/0cz1d0mv5g_q7.js":"18e28d3214eda45048d80d3925ea7627b809e69ad2e95f7f98459e9146a61c3d","/_next/static/media/washbas19.06wo92d8hnkco.webp":"523bfdde8547187147dcbb4d0e81da0c49511a2645b70c6c87decc177fbde949","/_next/static/media/washbas15.3nskd8czqdz4m.webp":"c7106fa641f8c4acd0ed7b42271ad4f8829d0d07cdff85dbad1f9f2ecbebcfb3","/_next/static/chunks/1mfjqidm5qp0a.js":"ad536486aee3404aec6a0d206b53760de0f8a4d1a54172e0903c387645c63eec","/_next/static/chunks/1ffr01go_9s6m.js":"4e8d0216380980fb2bbef4bd6f958381719a96f3cf5149111d65c0de56f97abc","/_next/static/media/washbas17.1m0flnjjr18j4.webp":"f62c0a5c2a82057bbe2a200820904cf3bc197d91080188f29b2544f3c0671d3e","/_next/static/media/washbas10.1q9exxw9dqtgd.webp":"d218bbb03b44728ec8c6458ab8fa4b1167550c3ce45924e74acbfb053af24a89","/_next/static/media/washbas11.2d_8j-_0c5gxn.webp":"b715e4cbab71f12f45561f53dcfd98a5a9c760159144b3c7abe2de7decd0d454","/_next/static/media/washbas20.2tzw5lw-6pynr.webp":"b5a6b8c0e822ab92ffef60a3d41145f3796165147a1e9b0e265ae05b46ae42cb","/_next/static/chunks/0iec5q4ack_04.js":"41649efb753b19c9c694af9eac1be9babdf8e0444b37cdba0445c1e4966f579e","/_next/static/media/washbas23.427ncm37j4mtj.webp":"2e304305b162bce60f54174c3602ea2084398546e820ccca8bad662cbc82e16b","/_next/static/media/washbas22.06txfpwjn52dc.webp":"4c511b7fdddd8d3d8092079b4a02db871206d95d08e1d1d4110d8c32a5ff5bb5","/_next/static/media/washbas1.34mjvb_h3_ttz.webp":"ee0bb4434430a250e9a7fc8877880218b87245f01672bf876e7bc1b6bc1b68e3","/_next/static/media/washbas4.16r221qd6ekkj.webp":"3065e5e0a44b0f18dd50cf296379c9ba4f24e892f94aa6d2c079c8e689c27580","/_next/static/media/washbas3.42di-i6rlre-7.webp":"6e99851c83abf09759f1c786b91fc7c7dff5a4cefc4cc3b1a22f5c978ee8be79","/_next/static/media/washbas6.3le12s5_qg772.webp":"cc910ed3a7929d15b2e73abe4e2ee0cbfcbfbd25dbdc90d778b921fc24f3574e","/_next/static/media/washbas5.0k14_fcwc-wl_.webp":"8b8fba183ce21a2e8049745b6e58825fd8ffb5e14ad636432de92e30f27d1fb4","/_next/static/media/washbas7.136nwrqk413y6.webp":"bea022c6df920e0f6c0a37f330fb939b92becfbb39935f6c3da46c1509ea13c4","/_next/static/media/washbas2.0w404-fkni0wa.webp":"8cde43849db1200bb82eed398001d36565cd1d5c243026170454d55e989455d7"}}
[debug] [2026-07-09T03:45:54.078Z] <<< [apiv2][status] POST https://firebasehosting.googleapis.com/v1beta1/projects/171268029896/sites/florza/versions/8826004706dec49b:populateFiles 200
[debug] [2026-07-09T03:45:54.078Z] <<< [apiv2][body] POST https://firebasehosting.googleapis.com/v1beta1/projects/171268029896/sites/florza/versions/8826004706dec49b:populateFiles {"uploadRequiredHashes":["431f867f188c2f43882b5e6d53d60998be9cc8b6ccf68ba17e73719ea275708c","4e8d0216380980fb2bbef4bd6f958381719a96f3cf5149111d65c0de56f97abc","52f92c29c8cc7d50ef26d9e193832ea5afd5cf0e0c4eb5477358ab1f794f5aed","91955e17107b67666bc2373a7c787cfd906be044e857b1a610a6c0dd951e185f","db4ca038b441fd42c4895b49dc895477e8c865f13ba135b6c00739f823c20bb0"],"uploadUrl":"https://upload-firebasehosting.googleapis.com/upload/sites/florza/versions/8826004706dec49b/files"}
[debug] [2026-07-09T03:45:54.079Z] Checked if tokens are valid: true, expires at: 1783571435090
[debug] [2026-07-09T03:45:54.079Z] Checked if tokens are valid: true, expires at: 1783571435090
[debug] [2026-07-09T03:45:54.079Z] Checked if tokens are valid: true, expires at: 1783571435090
[debug] [2026-07-09T03:45:54.080Z] Checked if tokens are valid: true, expires at: 1783571435090
[debug] [2026-07-09T03:45:54.080Z] Checked if tokens are valid: true, expires at: 1783571435090
[debug] [2026-07-09T03:45:54.080Z] Checked if tokens are valid: true, expires at: 1783571435090
[debug] [2026-07-09T03:45:54.080Z] Checked if tokens are valid: true, expires at: 1783571435090
[debug] [2026-07-09T03:45:54.080Z] Checked if tokens are valid: true, expires at: 1783571435090
[debug] [2026-07-09T03:45:54.081Z] Checked if tokens are valid: true, expires at: 1783571435090
[debug] [2026-07-09T03:45:54.081Z] Checked if tokens are valid: true, expires at: 1783571435090
[debug] [2026-07-09T03:45:54.081Z] >>> [apiv2][query] POST https://upload-firebasehosting.googleapis.com/upload/sites/florza/versions/8826004706dec49b/files/431f867f188c2f43882b5e6d53d60998be9cc8b6ccf68ba17e73719ea275708c [none]
[debug] [2026-07-09T03:45:54.081Z] >>> [apiv2][body] POST https://upload-firebasehosting.googleapis.com/upload/sites/florza/versions/8826004706dec49b/files/431f867f188c2f43882b5e6d53d60998be9cc8b6ccf68ba17e73719ea275708c [stream]
[debug] [2026-07-09T03:45:54.085Z] >>> [apiv2][query] POST https://upload-firebasehosting.googleapis.com/upload/sites/florza/versions/8826004706dec49b/files/4e8d0216380980fb2bbef4bd6f958381719a96f3cf5149111d65c0de56f97abc [none]
[debug] [2026-07-09T03:45:54.085Z] >>> [apiv2][body] POST https://upload-firebasehosting.googleapis.com/upload/sites/florza/versions/8826004706dec49b/files/4e8d0216380980fb2bbef4bd6f958381719a96f3cf5149111d65c0de56f97abc [stream]
[debug] [2026-07-09T03:45:54.088Z] >>> [apiv2][query] POST https://upload-firebasehosting.googleapis.com/upload/sites/florza/versions/8826004706dec49b/files/52f92c29c8cc7d50ef26d9e193832ea5afd5cf0e0c4eb5477358ab1f794f5aed [none]
[debug] [2026-07-09T03:45:54.088Z] >>> [apiv2][body] POST https://upload-firebasehosting.googleapis.com/upload/sites/florza/versions/8826004706dec49b/files/52f92c29c8cc7d50ef26d9e193832ea5afd5cf0e0c4eb5477358ab1f794f5aed [stream]
[debug] [2026-07-09T03:45:54.090Z] >>> [apiv2][query] POST https://upload-firebasehosting.googleapis.com/upload/sites/florza/versions/8826004706dec49b/files/91955e17107b67666bc2373a7c787cfd906be044e857b1a610a6c0dd951e185f [none]
[debug] [2026-07-09T03:45:54.090Z] >>> [apiv2][body] POST https://upload-firebasehosting.googleapis.com/upload/sites/florza/versions/8826004706dec49b/files/91955e17107b67666bc2373a7c787cfd906be044e857b1a610a6c0dd951e185f [stream]
[debug] [2026-07-09T03:45:54.092Z] >>> [apiv2][query] POST https://upload-firebasehosting.googleapis.com/upload/sites/florza/versions/8826004706dec49b/files/db4ca038b441fd42c4895b49dc895477e8c865f13ba135b6c00739f823c20bb0 [none]
[debug] [2026-07-09T03:45:54.092Z] >>> [apiv2][body] POST https://upload-firebasehosting.googleapis.com/upload/sites/florza/versions/8826004706dec49b/files/db4ca038b441fd42c4895b49dc895477e8c865f13ba135b6c00739f823c20bb0 [stream]
[debug] [2026-07-09T03:45:54.094Z] [hosting][populate queue][FINAL] {"max":889,"min":889,"avg":889,"active":0,"complete":1,"success":1,"errored":0,"retried":0,"total":1,"elapsed":902}
[debug] [2026-07-09T03:45:54.094Z] [hosting] uploads queued: 5
[info] i  hosting: uploading new files [0/5] (0%) 
[debug] [2026-07-09T03:45:55.889Z] <<< [apiv2][status] POST https://upload-firebasehosting.googleapis.com/upload/sites/florza/versions/8826004706dec49b/files/52f92c29c8cc7d50ef26d9e193832ea5afd5cf0e0c4eb5477358ab1f794f5aed 200
[debug] [2026-07-09T03:45:55.889Z] <<< [apiv2][body] POST https://upload-firebasehosting.googleapis.com/upload/sites/florza/versions/8826004706dec49b/files/52f92c29c8cc7d50ef26d9e193832ea5afd5cf0e0c4eb5477358ab1f794f5aed [stream]
[debug] [2026-07-09T03:45:55.935Z] <<< [apiv2][status] POST https://upload-firebasehosting.googleapis.com/upload/sites/florza/versions/8826004706dec49b/files/db4ca038b441fd42c4895b49dc895477e8c865f13ba135b6c00739f823c20bb0 200
[debug] [2026-07-09T03:45:55.936Z] <<< [apiv2][body] POST https://upload-firebasehosting.googleapis.com/upload/sites/florza/versions/8826004706dec49b/files/db4ca038b441fd42c4895b49dc895477e8c865f13ba135b6c00739f823c20bb0 [stream]
[debug] [2026-07-09T03:45:56.018Z] <<< [apiv2][status] POST https://upload-firebasehosting.googleapis.com/upload/sites/florza/versions/8826004706dec49b/files/91955e17107b67666bc2373a7c787cfd906be044e857b1a610a6c0dd951e185f 200
[debug] [2026-07-09T03:45:56.019Z] <<< [apiv2][body] POST https://upload-firebasehosting.googleapis.com/upload/sites/florza/versions/8826004706dec49b/files/91955e17107b67666bc2373a7c787cfd906be044e857b1a610a6c0dd951e185f [stream]
[debug] [2026-07-09T03:45:56.096Z] <<< [apiv2][status] POST https://upload-firebasehosting.googleapis.com/upload/sites/florza/versions/8826004706dec49b/files/431f867f188c2f43882b5e6d53d60998be9cc8b6ccf68ba17e73719ea275708c 200
[debug] [2026-07-09T03:45:56.096Z] <<< [apiv2][body] POST https://upload-firebasehosting.googleapis.com/upload/sites/florza/versions/8826004706dec49b/files/431f867f188c2f43882b5e6d53d60998be9cc8b6ccf68ba17e73719ea275708c [stream]
[debug] [2026-07-09T03:45:56.105Z] <<< [apiv2][status] POST https://upload-firebasehosting.googleapis.com/upload/sites/florza/versions/8826004706dec49b/files/4e8d0216380980fb2bbef4bd6f958381719a96f3cf5149111d65c0de56f97abc 200
[debug] [2026-07-09T03:45:56.106Z] <<< [apiv2][body] POST https://upload-firebasehosting.googleapis.com/upload/sites/florza/versions/8826004706dec49b/files/4e8d0216380980fb2bbef4bd6f958381719a96f3cf5149111d65c0de56f97abc [stream]
[debug] [2026-07-09T03:45:56.106Z] [hosting][upload queue][FINAL] {"max":2027,"min":1810,"avg":1930.2,"active":0,"complete":5,"success":5,"errored":0,"retried":0,"total":5,"elapsed":2028}
[info] i  hosting: upload complete 
[info] +  hosting[florza]: file upload complete 
[debug] [2026-07-09T03:45:56.107Z] [hosting] deploy completed after 3259ms
[debug] [2026-07-09T03:45:56.108Z] [
  {
    "config": {
      "source": ".",
      "ignore": [
        "firebase.json",
        "**/.*",
        "**/node_modules/**"
      ],
      "frameworksBackend": {
        "region": "us-central1"
      },
      "site": "florza",
      "rewrites": [],
      "redirects": [],
      "headers": [
        {
          "source": "/_not-found",
          "headers": [
            {
              "key": "x-nextjs-stale-time",
              "value": "300"
            },
            {
              "key": "x-nextjs-prerender",
              "value": "1"
            },
            {
              "key": "x-next-cache-tags",
              "value": "_N_T_/layout,_N_T_/_not-found/layout,_N_T_/_not-found/page,_N_T_/_not-found"
            }
          ]
        },
        {
          "source": "/_global-error",
          "headers": [
            {
              "key": "x-nextjs-stale-time",
              "value": "300"
            },
            {
              "key": "x-nextjs-prerender",
              "value": "1"
            },
            {
              "key": "x-next-cache-tags",
              "value": "_N_T_/layout,_N_T_/_global-error/layout,_N_T_/_global-error/page,_N_T_/_global-error"
            }
          ]
        },
        {
          "source": "/products",
          "headers": [
            {
              "key": "x-nextjs-stale-time",
              "value": "300"
            },
            {
              "key": "x-nextjs-prerender",
              "value": "1"
            },
            {
              "key": "x-next-cache-tags",
              "value": "_N_T_/layout,_N_T_/products/layout,_N_T_/products/page,_N_T_/products"
            }
          ]
        },
        {
          "source": "/favicon.ico",
          "headers": [
            {
              "key": "cache-control",
              "value": "public, max-age=0, must-revalidate"
            },
            {
              "key": "content-type",
              "value": "image/x-icon"
            },
            {
              "key": "x-next-cache-tags",
              "value": "_N_T_/layout,_N_T_/favicon.ico/layout,_N_T_/favicon.ico/route,_N_T_/favicon.ico"
            }
          ]
        },
        {
          "source": "/**/*.[jt]s",
          "headers": [
            {
              "key": "Set-Cookie",
              "value": "__FIREBASE_DEFAULTS__=eyJjb25maWciOnsicHJvamVjdElkIjoiZmxvcnphIiwiYXBwSWQiOiIxOjE3MTI2ODAyOTg5Njp3ZWI6Y2MyMWYzMjU2ZjEzNGVmNjRlZDRmZCIsInN0b3JhZ2VCdWNrZXQiOiJmbG9yemEuZmlyZWJhc2VzdG9yYWdlLmFwcCIsImFwaUtleSI6IkFJemFTeUJ3SFNqWmZmdWlaZnlDSHNrRWNuaU5XTzRlX19ZTjBxcyIsImF1dGhEb21haW4iOiJmbG9yemEuZmlyZWJhc2VhcHAuY29tIiwibWVzc2FnaW5nU2VuZGVySWQiOiIxNzEyNjgwMjk4OTYiLCJtZWFzdXJlbWVudElkIjoiRy1LOUxFWEQ3Nkg5IiwicHJvamVjdE51bWJlciI6IjE3MTI2ODAyOTg5NiIsInZlcnNpb24iOiIyIn19; SameSite=Strict; Expires=2028-06-02T14:25:51.073Z; Path=/;"
            }
          ]
        }
      ],
      "cleanUrls": true,
      "trailingSlash": false,
      "public": ".firebase\\florza\\hosting",
      "webFramework": "next"
    },
    "version": "projects/171268029896/sites/florza/versions/8826004706dec49b"
  }
]
[info] i  hosting[florza]: finalizing version... 
[debug] [2026-07-09T03:45:56.118Z] Checked if tokens are valid: true, expires at: 1783571435090
[debug] [2026-07-09T03:45:56.118Z] Checked if tokens are valid: true, expires at: 1783571435090
[debug] [2026-07-09T03:45:56.119Z] >>> [apiv2][query] PATCH https://firebasehosting.googleapis.com/v1beta1/projects/-/sites/florza/versions/8826004706dec49b updateMask=status%2Cconfig
[debug] [2026-07-09T03:45:56.119Z] >>> [apiv2][body] PATCH https://firebasehosting.googleapis.com/v1beta1/projects/-/sites/florza/versions/8826004706dec49b {"status":"FINALIZED","config":{"rewrites":[],"redirects":[],"headers":[{"glob":"/_not-found","headers":{"x-nextjs-stale-time":"300","x-nextjs-prerender":"1","x-next-cache-tags":"_N_T_/layout,_N_T_/_not-found/layout,_N_T_/_not-found/page,_N_T_/_not-found"}},{"glob":"/_global-error","headers":{"x-nextjs-stale-time":"300","x-nextjs-prerender":"1","x-next-cache-tags":"_N_T_/layout,_N_T_/_global-error/layout,_N_T_/_global-error/page,_N_T_/_global-error"}},{"glob":"/products","headers":{"x-nextjs-stale-time":"300","x-nextjs-prerender":"1","x-next-cache-tags":"_N_T_/layout,_N_T_/products/layout,_N_T_/products/page,_N_T_/products"}},{"glob":"/favicon.ico","headers":{"cache-control":"public, max-age=0, must-revalidate","content-type":"image/x-icon","x-next-cache-tags":"_N_T_/layout,_N_T_/favicon.ico/layout,_N_T_/favicon.ico/route,_N_T_/favicon.ico"}},{"glob":"/**/*.[jt]s","headers":{"Set-Cookie":"__FIREBASE_DEFAULTS__=eyJjb25maWciOnsicHJvamVjdElkIjoiZmxvcnphIiwiYXBwSWQiOiIxOjE3MTI2ODAyOTg5Njp3ZWI6Y2MyMWYzMjU2ZjEzNGVmNjRlZDRmZCIsInN0b3JhZ2VCdWNrZXQiOiJmbG9yemEuZmlyZWJhc2VzdG9yYWdlLmFwcCIsImFwaUtleSI6IkFJemFTeUJ3SFNqWmZmdWlaZnlDSHNrRWNuaU5XTzRlX19ZTjBxcyIsImF1dGhEb21haW4iOiJmbG9yemEuZmlyZWJhc2VhcHAuY29tIiwibWVzc2FnaW5nU2VuZGVySWQiOiIxNzEyNjgwMjk4OTYiLCJtZWFzdXJlbWVudElkIjoiRy1LOUxFWEQ3Nkg5IiwicHJvamVjdE51bWJlciI6IjE3MTI2ODAyOTg5NiIsInZlcnNpb24iOiIyIn19; SameSite=Strict; Expires=2028-06-02T14:25:51.073Z; Path=/;"}}],"cleanUrls":true,"trailingSlashBehavior":"REMOVE"}}
[debug] [2026-07-09T03:45:56.937Z] <<< [apiv2][status] PATCH https://firebasehosting.googleapis.com/v1beta1/projects/-/sites/florza/versions/8826004706dec49b 200
[debug] [2026-07-09T03:45:56.938Z] <<< [apiv2][body] PATCH https://firebasehosting.googleapis.com/v1beta1/projects/-/sites/florza/versions/8826004706dec49b {"name":"projects/171268029896/sites/florza/versions/8826004706dec49b","status":"FINALIZED","config":{"headers":[{"headers":{"x-next-cache-tags":"_N_T_/layout,_N_T_/_not-found/layout,_N_T_/_not-found/page,_N_T_/_not-found","x-nextjs-stale-time":"300","x-nextjs-prerender":"1"},"glob":"/_not-found"},{"headers":{"x-nextjs-stale-time":"300","x-nextjs-prerender":"1","x-next-cache-tags":"_N_T_/layout,_N_T_/_global-error/layout,_N_T_/_global-error/page,_N_T_/_global-error"},"glob":"/_global-error"},{"headers":{"x-nextjs-prerender":"1","x-next-cache-tags":"_N_T_/layout,_N_T_/products/layout,_N_T_/products/page,_N_T_/products","x-nextjs-stale-time":"300"},"glob":"/products"},{"headers":{"content-type":"image/x-icon","x-next-cache-tags":"_N_T_/layout,_N_T_/favicon.ico/layout,_N_T_/favicon.ico/route,_N_T_/favicon.ico","cache-control":"public, max-age=0, must-revalidate"},"glob":"/favicon.ico"},{"headers":{"Set-Cookie":"__FIREBASE_DEFAULTS__=eyJjb25maWciOnsicHJvamVjdElkIjoiZmxvcnphIiwiYXBwSWQiOiIxOjE3MTI2ODAyOTg5Njp3ZWI6Y2MyMWYzMjU2ZjEzNGVmNjRlZDRmZCIsInN0b3JhZ2VCdWNrZXQiOiJmbG9yemEuZmlyZWJhc2VzdG9yYWdlLmFwcCIsImFwaUtleSI6IkFJemFTeUJ3SFNqWmZmdWlaZnlDSHNrRWNuaU5XTzRlX19ZTjBxcyIsImF1dGhEb21haW4iOiJmbG9yemEuZmlyZWJhc2VhcHAuY29tIiwibWVzc2FnaW5nU2VuZGVySWQiOiIxNzEyNjgwMjk4OTYiLCJtZWFzdXJlbWVudElkIjoiRy1LOUxFWEQ3Nkg5IiwicHJvamVjdE51bWJlciI6IjE3MTI2ODAyOTg5NiIsInZlcnNpb24iOiIyIn19; SameSite=Strict; Expires=2028-06-02T14:25:51.073Z; Path=/;"},"glob":"/**/*.[jt]s"}],"cleanUrls":true,"trailingSlashBehavior":"REMOVE"},"labels":{"firebase-web-framework":"next","deployment-tool":"cli-firebase"},"createTime":"2026-07-09T03:45:52.398910Z","createUser":{"email":"anziltp902@gmail.com"},"finalizeTime":"2026-07-09T03:45:57.165116Z","finalizeUser":{"email":"anziltp902@gmail.com"}}
[debug] [2026-07-09T03:45:56.939Z] [hosting] finalized version for florza:[object Object]
[info] +  hosting[florza]: version finalized 
[info] i  hosting[florza]: releasing new version... 
[debug] [2026-07-09T03:45:56.940Z] Checked if tokens are valid: true, expires at: 1783571435090
[debug] [2026-07-09T03:45:56.940Z] Checked if tokens are valid: true, expires at: 1783571435090
[debug] [2026-07-09T03:45:56.941Z] >>> [apiv2][query] POST https://firebasehosting.googleapis.com/v1beta1/projects/-/sites/florza/channels/live/releases versionName=projects%2F171268029896%2Fsites%2Fflorza%2Fversions%2F8826004706dec49b
[debug] [2026-07-09T03:45:56.941Z] >>> [apiv2][body] POST https://firebasehosting.googleapis.com/v1beta1/projects/-/sites/florza/channels/live/releases {}
[debug] [2026-07-09T03:45:57.803Z] <<< [apiv2][status] POST https://firebasehosting.googleapis.com/v1beta1/projects/-/sites/florza/channels/live/releases 200
[debug] [2026-07-09T03:45:57.804Z] <<< [apiv2][body] POST https://firebasehosting.googleapis.com/v1beta1/projects/-/sites/florza/channels/live/releases {"name":"projects/171268029896/sites/florza/channels/live/releases/1783568757344000","version":{"name":"projects/171268029896/sites/florza/versions/8826004706dec49b","status":"FINALIZED","config":{"headers":[{"headers":{"x-nextjs-prerender":"1","x-next-cache-tags":"_N_T_/layout,_N_T_/_not-found/layout,_N_T_/_not-found/page,_N_T_/_not-found","x-nextjs-stale-time":"300"},"glob":"/_not-found"},{"headers":{"x-nextjs-stale-time":"300","x-nextjs-prerender":"1","x-next-cache-tags":"_N_T_/layout,_N_T_/_global-error/layout,_N_T_/_global-error/page,_N_T_/_global-error"},"glob":"/_global-error"},{"headers":{"x-nextjs-prerender":"1","x-next-cache-tags":"_N_T_/layout,_N_T_/products/layout,_N_T_/products/page,_N_T_/products","x-nextjs-stale-time":"300"},"glob":"/products"},{"headers":{"x-next-cache-tags":"_N_T_/layout,_N_T_/favicon.ico/layout,_N_T_/favicon.ico/route,_N_T_/favicon.ico","cache-control":"public, max-age=0, must-revalidate","content-type":"image/x-icon"},"glob":"/favicon.ico"},{"headers":{"Set-Cookie":"__FIREBASE_DEFAULTS__=eyJjb25maWciOnsicHJvamVjdElkIjoiZmxvcnphIiwiYXBwSWQiOiIxOjE3MTI2ODAyOTg5Njp3ZWI6Y2MyMWYzMjU2ZjEzNGVmNjRlZDRmZCIsInN0b3JhZ2VCdWNrZXQiOiJmbG9yemEuZmlyZWJhc2VzdG9yYWdlLmFwcCIsImFwaUtleSI6IkFJemFTeUJ3SFNqWmZmdWlaZnlDSHNrRWNuaU5XTzRlX19ZTjBxcyIsImF1dGhEb21haW4iOiJmbG9yemEuZmlyZWJhc2VhcHAuY29tIiwibWVzc2FnaW5nU2VuZGVySWQiOiIxNzEyNjgwMjk4OTYiLCJtZWFzdXJlbWVudElkIjoiRy1LOUxFWEQ3Nkg5IiwicHJvamVjdE51bWJlciI6IjE3MTI2ODAyOTg5NiIsInZlcnNpb24iOiIyIn19; SameSite=Strict; Expires=2028-06-02T14:25:51.073Z; Path=/;"},"glob":"/**/*.[jt]s"}],"cleanUrls":true,"trailingSlashBehavior":"REMOVE"},"labels":{"firebase-web-framework":"next","deployment-tool":"cli-firebase"},"createTime":"2026-07-09T03:45:52.398910Z","createUser":{"email":"anziltp902@gmail.com","imageUrl":"https://lh3.googleusercontent.com/a/ACg8ocL9ealkubZ77O4wp6RBu7kitsP52HHPtmpOCXM5sJhweVUmsL99"},"finalizeTime":"2026-07-09T03:45:57.165116Z","finalizeUser":{"email":"anziltp902@gmail.com","imageUrl":"https://lh3.googleusercontent.com/a/ACg8ocL9ealkubZ77O4wp6RBu7kitsP52HHPtmpOCXM5sJhweVUmsL99"}},"type":"DEPLOY","releaseTime":"2026-07-09T03:45:57.344Z","releaseUser":{"email":"anziltp902@gmail.com","imageUrl":"https://lh3.googleusercontent.com/a/ACg8ocL9ealkubZ77O4wp6RBu7kitsP52HHPtmpOCXM5sJhweVUmsL99"}}
[debug] [2026-07-09T03:45:57.804Z] [hosting] release: {"name":"projects/171268029896/sites/florza/channels/live/releases/1783568757344000","version":{"name":"projects/171268029896/sites/florza/versions/8826004706dec49b","status":"FINALIZED","config":{"headers":[{"headers":{"x-nextjs-prerender":"1","x-next-cache-tags":"_N_T_/layout,_N_T_/_not-found/layout,_N_T_/_not-found/page,_N_T_/_not-found","x-nextjs-stale-time":"300"},"glob":"/_not-found"},{"headers":{"x-nextjs-stale-time":"300","x-nextjs-prerender":"1","x-next-cache-tags":"_N_T_/layout,_N_T_/_global-error/layout,_N_T_/_global-error/page,_N_T_/_global-error"},"glob":"/_global-error"},{"headers":{"x-nextjs-prerender":"1","x-next-cache-tags":"_N_T_/layout,_N_T_/products/layout,_N_T_/products/page,_N_T_/products","x-nextjs-stale-time":"300"},"glob":"/products"},{"headers":{"x-next-cache-tags":"_N_T_/layout,_N_T_/favicon.ico/layout,_N_T_/favicon.ico/route,_N_T_/favicon.ico","cache-control":"public, max-age=0, must-revalidate","content-type":"image/x-icon"},"glob":"/favicon.ico"},{"headers":{"Set-Cookie":"__FIREBASE_DEFAULTS__=eyJjb25maWciOnsicHJvamVjdElkIjoiZmxvcnphIiwiYXBwSWQiOiIxOjE3MTI2ODAyOTg5Njp3ZWI6Y2MyMWYzMjU2ZjEzNGVmNjRlZDRmZCIsInN0b3JhZ2VCdWNrZXQiOiJmbG9yemEuZmlyZWJhc2VzdG9yYWdlLmFwcCIsImFwaUtleSI6IkFJemFTeUJ3SFNqWmZmdWlaZnlDSHNrRWNuaU5XTzRlX19ZTjBxcyIsImF1dGhEb21haW4iOiJmbG9yemEuZmlyZWJhc2VhcHAuY29tIiwibWVzc2FnaW5nU2VuZGVySWQiOiIxNzEyNjgwMjk4OTYiLCJtZWFzdXJlbWVudElkIjoiRy1LOUxFWEQ3Nkg5IiwicHJvamVjdE51bWJlciI6IjE3MTI2ODAyOTg5NiIsInZlcnNpb24iOiIyIn19; SameSite=Strict; Expires=2028-06-02T14:25:51.073Z; Path=/;"},"glob":"/**/*.[jt]s"}],"cleanUrls":true,"trailingSlashBehavior":"REMOVE"},"labels":{"firebase-web-framework":"next","deployment-tool":"cli-firebase"},"createTime":"2026-07-09T03:45:52.398910Z","createUser":{"email":"anziltp902@gmail.com","imageUrl":"https://lh3.googleusercontent.com/a/ACg8ocL9ealkubZ77O4wp6RBu7kitsP52HHPtmpOCXM5sJhweVUmsL99"},"finalizeTime":"2026-07-09T03:45:57.165116Z","finalizeUser":{"email":"anziltp902@gmail.com","imageUrl":"https://lh3.googleusercontent.com/a/ACg8ocL9ealkubZ77O4wp6RBu7kitsP52HHPtmpOCXM5sJhweVUmsL99"}},"type":"DEPLOY","releaseTime":"2026-07-09T03:45:57.344Z","releaseUser":{"email":"anziltp902@gmail.com","imageUrl":"https://lh3.googleusercontent.com/a/ACg8ocL9ealkubZ77O4wp6RBu7kitsP52HHPtmpOCXM5sJhweVUmsL99"}}
[info] +  hosting[florza]: release complete 
[info] 
[info] +  Deploy complete! 
[info] 
[info] Project Console: https://console.firebase.google.com/project/florza/overview
[info] Hosting URL: https://florza.web.app
